<?xml version="1.0" encoding="utf-8" standalone="no"?>
<!--This file represents the results of running a test suite-->
<test-results name="C:\ProjectCode\SportsWeb\src\test\Test.SportsWeb.Services\bin\Debug\Nunit.Test.SportsWeb.Services.Tests.dll" total="876" errors="0" failures="0" not-run="5" inconclusive="0" ignored="5" skipped="0" invalid="0" date="2019-10-17" time="14:47:41">
  <environment nunit-version="2.6.3.13283" clr-version="2.0.50727.9148" os-version="Microsoft Windows NT 6.2.9200.0" platform="Win32NT" cwd="C:\ProjectCode\Opencover" machine-name="DESKTOP-L0QLF1D" user="310259320" user-domain="LUX" />
  <culture-info current-culture="en-IN" current-uiculture="en-US" />
  <test-suite type="Assembly" name="C:\ProjectCode\SportsWeb\src\test\Test.SportsWeb.Services\bin\Debug\Nunit.Test.SportsWeb.Services.Tests.dll" executed="True" result="Success" success="True" time="23.639" asserts="0">
    <results>
      <test-suite type="Namespace" name="Test" executed="True" result="Success" success="True" time="23.632" asserts="0">
        <results>
          <test-suite type="Namespace" name="SportsWeb" executed="True" result="Success" success="True" time="23.632" asserts="0">
            <results>
              <test-suite type="Namespace" name="Services" executed="True" result="Success" success="True" time="23.631" asserts="0">
                <results>
                  <test-suite type="Namespace" name="AmpLightService" executed="True" result="Success" success="True" time="2.247" asserts="0">
                    <results>
                      <test-suite type="Namespace" name="Interceptor" executed="True" result="Success" success="True" time="1.502" asserts="0">
                        <results>
                          <test-suite type="TestFixture" name="TestAmpLightRequestInterceptor" executed="True" result="Success" success="True" time="1.501" asserts="0">
                            <results>
                              <test-case name="Test.SportsWeb.Services.AmpLightService.Interceptor.TestAmpLightRequestInterceptor.Test_AmpLightRequestInterceptor_Works" executed="True" result="Success" success="True" time="1.494" asserts="0" />
                            </results>
                          </test-suite>
                        </results>
                      </test-suite>
                      <test-suite type="TestFixture" name="TestAmpLightExtensions" executed="True" result="Success" success="True" time="0.012" asserts="0">
                        <results>
                          <test-case name="Test.SportsWeb.Services.AmpLightService.TestAmpLightExtensions.UtcLongToDateTime_works" executed="True" result="Success" success="True" time="0.010" asserts="0" />
                        </results>
                      </test-suite>
                      <test-suite type="TestFixture" name="TestAmpWebClientResolver" executed="True" result="Success" success="True" time="0.073" asserts="0">
                        <results>
                          <test-case name="Test.SportsWeb.Services.AmpLightService.TestAmpWebClientResolver.Test_CreateAmplightCustomerClient_Works" executed="True" result="Success" success="True" time="0.026" asserts="0" />
                          <test-case name="Test.SportsWeb.Services.AmpLightService.TestAmpWebClientResolver.Test_CreateAmplightSuperUserClient_Works" executed="True" result="Success" success="True" time="0.025" asserts="0" />
                          <test-case name="Test.SportsWeb.Services.AmpLightService.TestAmpWebClientResolver.Test_GetClient_Works" executed="True" result="Success" success="True" time="0.019" asserts="0" />
                        </results>
                      </test-suite>
                      <test-suite type="TestFixture" name="TestFieldServiceAmp" executed="True" result="Success" success="True" time="0.382" asserts="0">
                        <results>
                          <test-case name="Test.SportsWeb.Services.AmpLightService.TestFieldServiceAmp.GetFieldState" executed="True" result="Success" success="True" time="0.232" asserts="0" />
                          <test-case name="Test.SportsWeb.Services.AmpLightService.TestFieldServiceAmp.SetState" executed="True" result="Success" success="True" time="0.117" asserts="0" />
                          <test-case name="Test.SportsWeb.Services.AmpLightService.TestFieldServiceAmp.Test_GetFieldState_NoPitchForId" executed="True" result="Success" success="True" time="0.005" asserts="0" />
                          <test-case name="Test.SportsWeb.Services.AmpLightService.TestFieldServiceAmp.Test_GetFieldState_Throws" executed="True" result="Success" success="True" time="0.015" asserts="0" />
                          <test-case name="Test.SportsWeb.Services.AmpLightService.TestFieldServiceAmp.Test_SetFieldState_Throws" executed="True" result="Success" success="True" time="0.008" asserts="0" />
                        </results>
                      </test-suite>
                      <test-suite type="TestFixture" name="TestSiteServiceAmp" executed="True" result="Success" success="True" time="0.262" asserts="0">
                        <results>
                          <test-case name="Test.SportsWeb.Services.AmpLightService.TestSiteServiceAmp.GetSite_SiteDoesNotExist" executed="True" result="Success" success="True" time="0.022" asserts="0" />
                          <test-case name="Test.SportsWeb.Services.AmpLightService.TestSiteServiceAmp.GetSite_WithAmpIntersect" executed="True" result="Success" success="True" time="0.025" asserts="0" />
                          <test-case name="Test.SportsWeb.Services.AmpLightService.TestSiteServiceAmp.GetSite_WithoutAmpIntersect" executed="True" result="Success" success="True" time="0.005" asserts="0" />
                          <test-case name="Test.SportsWeb.Services.AmpLightService.TestSiteServiceAmp.GetSiteState" executed="True" result="Success" success="True" time="0.021" asserts="0" />
                          <test-case name="Test.SportsWeb.Services.AmpLightService.TestSiteServiceAmp.SwitchOff" executed="True" result="Success" success="True" time="0.014" asserts="0" />
                          <test-case name="Test.SportsWeb.Services.AmpLightService.TestSiteServiceAmp.Test_FieldsIntersect_Works" executed="True" result="Success" success="True" time="0.006" asserts="0" />
                          <test-case name="Test.SportsWeb.Services.AmpLightService.TestSiteServiceAmp.Test_GetSites_ControlUiUser_NoSitesForId_Works" executed="True" result="Success" success="True" time="0.025" asserts="0" />
                          <test-case name="Test.SportsWeb.Services.AmpLightService.TestSiteServiceAmp.Test_GetSites_ControlUiUser_Works" executed="True" result="Success" success="True" time="0.021" asserts="0" />
                          <test-case name="Test.SportsWeb.Services.AmpLightService.TestSiteServiceAmp.Test_GetSites_NoSitesForId_Works" executed="True" result="Success" success="True" time="0.012" asserts="0" />
                          <test-case name="Test.SportsWeb.Services.AmpLightService.TestSiteServiceAmp.Test_GetSites_SchedullingAppUser_NoSitesForId_Works" executed="True" result="Success" success="True" time="0.008" asserts="0" />
                          <test-case name="Test.SportsWeb.Services.AmpLightService.TestSiteServiceAmp.Test_GetSites_SchedullingAppUser_Works" executed="True" result="Success" success="True" time="0.012" asserts="0" />
                          <test-case name="Test.SportsWeb.Services.AmpLightService.TestSiteServiceAmp.Test_GetSites_throws" executed="True" result="Success" success="True" time="0.006" asserts="0" />
                          <test-case name="Test.SportsWeb.Services.AmpLightService.TestSiteServiceAmp.Test_GetSites_UserNameCaseIsIgnored" executed="True" result="Success" success="True" time="0.006" asserts="0" />
                          <test-case name="Test.SportsWeb.Services.AmpLightService.TestSiteServiceAmp.Test_GetSites_Works" executed="True" result="Success" success="True" time="0.006" asserts="0" />
                          <test-case name="Test.SportsWeb.Services.AmpLightService.TestSiteServiceAmp.Test_GetSiteState_NoPitchForId_Works" executed="True" result="Success" success="True" time="0.006" asserts="0" />
                          <test-case name="Test.SportsWeb.Services.AmpLightService.TestSiteServiceAmp.Test_GetSiteState_NoSiteForId_Works" executed="True" result="Success" success="True" time="0.006" asserts="0" />
                          <test-case name="Test.SportsWeb.Services.AmpLightService.TestSiteServiceAmp.Test_GetSiteState_Throws" executed="True" result="Success" success="True" time="0.008" asserts="0" />
                          <test-case name="Test.SportsWeb.Services.AmpLightService.TestSiteServiceAmp.Test_SwitchOff_Throws" executed="True" result="Success" success="True" time="0.007" asserts="0" />
                        </results>
                      </test-suite>
                    </results>
                  </test-suite>
                  <test-suite type="Namespace" name="AppConfiguration" executed="True" result="Success" success="True" time="0.019" asserts="0">
                    <results>
                      <test-suite type="TestFixture" name="TestConnectionStringProvider" executed="True" result="Success" success="True" time="0.019" asserts="0">
                        <results>
                          <test-case name="Test.SportsWeb.Services.AppConfiguration.TestConnectionStringProvider.Test_AdminConnectionStringProvider_Works" executed="True" result="Success" success="True" time="0.015" asserts="0" />
                          <test-case name="Test.SportsWeb.Services.AppConfiguration.TestConnectionStringProvider.Test_ConnectionStringProvider_Works" executed="True" result="Success" success="True" time="0.002" asserts="0" />
                        </results>
                      </test-suite>
                    </results>
                  </test-suite>
                  <test-suite type="Namespace" name="Authentication" executed="True" result="Success" success="True" time="1.406" asserts="0">
                    <results>
                      <test-suite type="TestFixture" name="TestBearerAuthentication" executed="True" result="Success" success="True" time="1.394" asserts="0">
                        <results>
                          <test-case name="Test.SportsWeb.Services.Authentication.TestBearerAuthentication.Test_CreateBearerAuthOptions_Works" executed="True" result="Success" success="True" time="1.394" asserts="0" />
                        </results>
                      </test-suite>
                      <test-suite type="TestFixture" name="TestPrincipalHelper" executed="True" result="Success" success="True" time="0.009" asserts="0">
                        <results>
                          <test-case name="Test.SportsWeb.Services.Authentication.TestPrincipalHelper.Test_GetRoles_Admin_Works" executed="True" result="Success" success="True" time="0.008" asserts="0" />
                        </results>
                      </test-suite>
                    </results>
                  </test-suite>
                  <test-suite type="Namespace" name="CommandHandlers" executed="True" result="Success" success="True" time="0.649" asserts="0">
                    <results>
                      <test-suite type="TestFixture" name="TestAddAmpCustomerUserCommandHandler" executed="True" result="Success" success="True" time="0.078" asserts="0">
                        <results>
                          <test-case name="Test.SportsWeb.Services.CommandHandlers.TestAddAmpCustomerUserCommandHandler.Handle" executed="True" result="Success" success="True" time="0.077" asserts="0" />
                        </results>
                      </test-suite>
                      <test-suite type="TestFixture" name="TestAddKeypadCommandHandler" executed="True" result="Success" success="True" time="0.020" asserts="0">
                        <results>
                          <test-case name="Test.SportsWeb.Services.CommandHandlers.TestAddKeypadCommandHandler.Handle" executed="True" result="Success" success="True" time="0.019" asserts="0" />
                        </results>
                      </test-suite>
                      <test-suite type="TestFixture" name="TestAddSceneChangeCommandHandler" executed="True" result="Success" success="True" time="0.017" asserts="0">
                        <results>
                          <test-case name="Test.SportsWeb.Services.CommandHandlers.TestAddSceneChangeCommandHandler.Handle" executed="True" result="Success" success="True" time="0.017" asserts="0" />
                        </results>
                      </test-suite>
                      <test-suite type="TestFixture" name="TestAddSceneSettingsCommandHandler" executed="True" result="Success" success="True" time="0.015" asserts="0">
                        <results>
                          <test-case name="Test.SportsWeb.Services.CommandHandlers.TestAddSceneSettingsCommandHandler.Handle" executed="True" result="Success" success="True" time="0.014" asserts="0" />
                        </results>
                      </test-suite>
                      <test-suite type="TestFixture" name="TestAddScheduleCommandHandler" executed="True" result="Inconclusive" success="False" time="0.000" asserts="0" />
                      <test-suite type="TestFixture" name="TestCreateAdministratorCommandHandler" executed="True" result="Success" success="True" time="0.046" asserts="0">
                        <results>
                          <test-case name="Test.SportsWeb.Services.CommandHandlers.TestCreateAdministratorCommandHandler.Handle" executed="True" result="Success" success="True" time="0.043" asserts="0" />
                        </results>
                      </test-suite>
                      <test-suite type="TestFixture" name="TestCreateCustomerCommandHandler" executed="True" result="Success" success="True" time="0.020" asserts="0">
                        <results>
                          <test-case name="Test.SportsWeb.Services.CommandHandlers.TestCreateCustomerCommandHandler.Handle" executed="True" result="Success" success="True" time="0.019" asserts="0" />
                        </results>
                      </test-suite>
                      <test-suite type="TestFixture" name="TestCreateCustomerCommandLegacyHandler" executed="True" result="Success" success="True" time="0.006" asserts="0">
                        <results>
                          <test-case name="Test.SportsWeb.Services.CommandHandlers.TestCreateCustomerCommandLegacyHandler.Handle" executed="True" result="Success" success="True" time="0.005" asserts="0" />
                        </results>
                      </test-suite>
                      <test-suite type="TestFixture" name="TestCreatePitchCommandHandler" executed="True" result="Success" success="True" time="0.024" asserts="0">
                        <results>
                          <test-case name="Test.SportsWeb.Services.CommandHandlers.TestCreatePitchCommandHandler.Handle" executed="True" result="Success" success="True" time="0.023" asserts="0" />
                        </results>
                      </test-suite>
                      <test-suite type="TestFixture" name="TestCreateSiteCommandHandler" executed="True" result="Inconclusive" success="False" time="0.000" asserts="0" />
                      <test-suite type="TestFixture" name="TestCreateUserCommandHandler" executed="True" result="Success" success="True" time="0.030" asserts="0">
                        <results>
                          <test-case name="Test.SportsWeb.Services.CommandHandlers.TestCreateUserCommandHandler.Handle" executed="True" result="Success" success="True" time="0.029" asserts="0" />
                        </results>
                      </test-suite>
                      <test-suite type="TestFixture" name="TestCreateUserWithPermissionCommandHandler" executed="True" result="Success" success="True" time="0.024" asserts="0">
                        <results>
                          <test-case name="Test.SportsWeb.Services.CommandHandlers.TestCreateUserWithPermissionCommandHandler.Handle" executed="True" result="Success" success="True" time="0.023" asserts="0" />
                        </results>
                      </test-suite>
                      <test-suite type="TestFixture" name="TestDeleteAdministratorCommandHandler" executed="True" result="Success" success="True" time="0.021" asserts="0">
                        <results>
                          <test-case name="Test.SportsWeb.Services.CommandHandlers.TestDeleteAdministratorCommandHandler.Handle" executed="True" result="Success" success="True" time="0.020" asserts="0" />
                        </results>
                      </test-suite>
                      <test-suite type="TestFixture" name="TestDeletePitchCommandHandler" executed="True" result="Success" success="True" time="0.014" asserts="0">
                        <results>
                          <test-case name="Test.SportsWeb.Services.CommandHandlers.TestDeletePitchCommandHandler.Handle" executed="True" result="Success" success="True" time="0.013" asserts="0" />
                        </results>
                      </test-suite>
                      <test-suite type="TestFixture" name="TestDeleteScheduleCommandHandler" executed="True" result="Success" success="True" time="0.027" asserts="0">
                        <results>
                          <test-case name="Test.SportsWeb.Services.CommandHandlers.TestDeleteScheduleCommandHandler.Handle" executed="True" result="Success" success="True" time="0.026" asserts="0" />
                        </results>
                      </test-suite>
                      <test-suite type="TestFixture" name="TestDeleteSiteCommandHandler" executed="True" result="Success" success="True" time="0.016" asserts="0">
                        <results>
                          <test-case name="Test.SportsWeb.Services.CommandHandlers.TestDeleteSiteCommandHandler.Handle" executed="True" result="Success" success="True" time="0.016" asserts="0" />
                        </results>
                      </test-suite>
                      <test-suite type="TestFixture" name="TestDeleteUserFromSiteCommandHandler" executed="True" result="Success" success="True" time="0.013" asserts="0">
                        <results>
                          <test-case name="Test.SportsWeb.Services.CommandHandlers.TestDeleteUserFromSiteCommandHandler.Handle" executed="True" result="Success" success="True" time="0.012" asserts="0" />
                        </results>
                      </test-suite>
                      <test-suite type="TestFixture" name="TestSetCustomSceneForSiteCommandHandler" executed="True" result="Success" success="True" time="0.016" asserts="0">
                        <results>
                          <test-case name="Test.SportsWeb.Services.CommandHandlers.TestSetCustomSceneForSiteCommandHandler.Handle" executed="True" result="Success" success="True" time="0.015" asserts="0" />
                        </results>
                      </test-suite>
                      <test-suite type="TestFixture" name="TestUpdateAdministratorCommandHandler" executed="True" result="Success" success="True" time="0.013" asserts="0">
                        <results>
                          <test-case name="Test.SportsWeb.Services.CommandHandlers.TestUpdateAdministratorCommandHandler.Handle" executed="True" result="Success" success="True" time="0.012" asserts="0" />
                        </results>
                      </test-suite>
                      <test-suite type="TestFixture" name="TestUpdateCustomerCommandHandler" executed="True" result="Success" success="True" time="0.015" asserts="0">
                        <results>
                          <test-case name="Test.SportsWeb.Services.CommandHandlers.TestUpdateCustomerCommandHandler.Handle" executed="True" result="Success" success="True" time="0.015" asserts="0" />
                        </results>
                      </test-suite>
                      <test-suite type="TestFixture" name="TestUpdateCustomSceneForSiteCommandHandler" executed="True" result="Success" success="True" time="0.045" asserts="0">
                        <results>
                          <test-case name="Test.SportsWeb.Services.CommandHandlers.TestUpdateCustomSceneForSiteCommandHandler.Handle" executed="True" result="Success" success="True" time="0.034" asserts="0" />
                        </results>
                      </test-suite>
                      <test-suite type="TestFixture" name="TestUpdateKeypadCommandHandler" executed="True" result="Success" success="True" time="0.015" asserts="0">
                        <results>
                          <test-case name="Test.SportsWeb.Services.CommandHandlers.TestUpdateKeypadCommandHandler.Handle" executed="True" result="Success" success="True" time="0.014" asserts="0" />
                        </results>
                      </test-suite>
                      <test-suite type="TestFixture" name="TestUpdatePitchCommandHandler" executed="True" result="Success" success="True" time="0.020" asserts="0">
                        <results>
                          <test-case name="Test.SportsWeb.Services.CommandHandlers.TestUpdatePitchCommandHandler.Handle" executed="True" result="Success" success="True" time="0.019" asserts="0" />
                        </results>
                      </test-suite>
                      <test-suite type="TestFixture" name="TestUpdateSceneSettingsCommandHandler" executed="True" result="Success" success="True" time="0.017" asserts="0">
                        <results>
                          <test-case name="Test.SportsWeb.Services.CommandHandlers.TestUpdateSceneSettingsCommandHandler.Handle" executed="True" result="Success" success="True" time="0.016" asserts="0" />
                        </results>
                      </test-suite>
                      <test-suite type="TestFixture" name="TestUpdateScheduleCommandHandler" executed="True" result="Success" success="True" time="0.021" asserts="0">
                        <results>
                          <test-case name="Test.SportsWeb.Services.CommandHandlers.TestUpdateScheduleCommandHandler.Handle" executed="True" result="Success" success="True" time="0.020" asserts="0" />
                        </results>
                      </test-suite>
                      <test-suite type="TestFixture" name="TestUpdateSiteCommandHandler" executed="True" result="Inconclusive" success="False" time="0.001" asserts="0" />
                      <test-suite type="TestFixture" name="TestUpdateStateCommandHandler" executed="True" result="Success" success="True" time="0.040" asserts="0">
                        <results>
                          <test-case name="Test.SportsWeb.Services.CommandHandlers.TestUpdateStateCommandHandler.Test_Handel_Works" executed="True" result="Success" success="True" time="0.032" asserts="0" />
                          <test-case name="Test.SportsWeb.Services.CommandHandlers.TestUpdateStateCommandHandler.Test_Handel_Works_Adds" executed="True" result="Success" success="True" time="0.006" asserts="0" />
                        </results>
                      </test-suite>
                      <test-suite type="TestFixture" name="TestUpdateUserCommandHandler" executed="True" result="Success" success="True" time="0.014" asserts="0">
                        <results>
                          <test-case name="Test.SportsWeb.Services.CommandHandlers.TestUpdateUserCommandHandler.Handle" executed="True" result="Success" success="True" time="0.014" asserts="0" />
                        </results>
                      </test-suite>
                      <test-suite type="TestFixture" name="TestUpdateUserWithPermissionCommandHandler" executed="True" result="Success" success="True" time="0.013" asserts="0">
                        <results>
                          <test-case name="Test.SportsWeb.Services.CommandHandlers.TestUpdateUserWithPermissionCommandHandler.Handle" executed="True" result="Success" success="True" time="0.012" asserts="0" />
                        </results>
                      </test-suite>
                    </results>
                  </test-suite>
                  <test-suite type="Namespace" name="Configuration" executed="True" result="Inconclusive" success="False" time="0.014" asserts="0">
                    <results>
                      <test-suite type="TestFixture" name="TestStageConfigurationExtractor" executed="True" result="Inconclusive" success="False" time="0.014" asserts="0" />
                    </results>
                  </test-suite>
                  <test-suite type="Namespace" name="EndUserApplication" executed="True" result="Success" success="True" time="0.023" asserts="0">
                    <results>
                      <test-suite type="TestFixture" name="TestUserServices" executed="True" result="Success" success="True" time="0.023" asserts="0">
                        <results>
                          <test-case name="Test.SportsWeb.Services.EndUserApplication.TestUserServices.Test_GetControlUiurl_Works" executed="True" result="Success" success="True" time="0.022" asserts="0" />
                        </results>
                      </test-suite>
                    </results>
                  </test-suite>
                  <test-suite type="Namespace" name="FeatureManagement" executed="True" result="Success" success="True" time="0.025" asserts="0">
                    <results>
                      <test-suite type="TestFixture" name="TestFeatureManager" executed="True" result="Success" success="True" time="0.024" asserts="0">
                        <results>
                          <test-case name="Test.SportsWeb.Services.FeatureManagement.TestFeatureManager.Test_IsFeatureEnabled_Works" executed="True" result="Success" success="True" time="0.024" asserts="0" />
                        </results>
                      </test-suite>
                    </results>
                  </test-suite>
                  <test-suite type="Namespace" name="Helpers" executed="True" result="Success" success="True" time="0.110" asserts="0">
                    <results>
                      <test-suite type="TestFixture" name="TestAesEncryptorDecryptor" executed="True" result="Success" success="True" time="0.060" asserts="0">
                        <results>
                          <test-case name="Test.SportsWeb.Services.Helpers.TestAesEncryptorDecryptor.Test_Decrypt_Works" executed="True" result="Success" success="True" time="0.048" asserts="0" />
                          <test-case name="Test.SportsWeb.Services.Helpers.TestAesEncryptorDecryptor.Test_Encrypt_Works" executed="True" result="Success" success="True" time="0.011" asserts="0" />
                        </results>
                      </test-suite>
                      <test-suite type="TestFixture" name="TestSafeCallContext" executed="True" result="Success" success="True" time="0.047" asserts="0">
                        <results>
                          <test-case name="Test.SportsWeb.Services.Helpers.TestSafeCallContext.Test_CheckWithHttpContext" executed="True" result="Success" success="True" time="0.043" asserts="0" />
                          <test-case name="Test.SportsWeb.Services.Helpers.TestSafeCallContext.Test_SafeCallContext" executed="True" result="Success" success="True" time="0.000" asserts="0" />
                          <test-case name="Test.SportsWeb.Services.Helpers.TestSafeCallContext.Test_SafeCallContext_FreeNamedSlot" executed="True" result="Success" success="True" time="0.000" asserts="0" />
                          <test-case name="Test.SportsWeb.Services.Helpers.TestSafeCallContext.Test_SafeCallContext_TryGetData" executed="True" result="Success" success="True" time="0.000" asserts="0" />
                        </results>
                      </test-suite>
                    </results>
                  </test-suite>
                  <test-suite type="TestFixture" name="TestAdminService" executed="True" result="Success" success="True" time="0.260" asserts="0">
                    <results>
                      <test-case name="Test.SportsWeb.Services.TestAdminService.Test_BindAdministrator_Deleted_Works" executed="True" result="Success" success="True" time="0.090" asserts="0" />
                      <test-case name="Test.SportsWeb.Services.TestAdminService.Test_BindAdministrator_dev_Works" executed="True" result="Success" success="True" time="0.018" asserts="0" />
                      <test-case name="Test.SportsWeb.Services.TestAdminService.Test_BindAdministrator_Installer_Works" executed="True" result="Success" success="True" time="0.017" asserts="0" />
                      <test-case name="Test.SportsWeb.Services.TestAdminService.Test_BindAdministrator_userNotCreated_throws" executed="True" result="Success" success="True" time="0.036" asserts="0" />
                      <test-case name="Test.SportsWeb.Services.TestAdminService.Test_GetIdByUserName_Works" executed="True" result="Success" success="True" time="0.006" asserts="0" />
                      <test-case name="Test.SportsWeb.Services.TestAdminService.Test_GetUserByUserName_Returns_Null" executed="True" result="Success" success="True" time="0.006" asserts="0" />
                      <test-case name="Test.SportsWeb.Services.TestAdminService.Test_GetUserByUserName_Throws" executed="True" result="Success" success="True" time="0.023" asserts="0" />
                      <test-case name="Test.SportsWeb.Services.TestAdminService.Test_GetUserByUserName_Works" executed="True" result="Success" success="True" time="0.006" asserts="0" />
                      <test-case name="Test.SportsWeb.Services.TestAdminService.Test_IsSoftDeletedUser_Throws" executed="True" result="Success" success="True" time="0.006" asserts="0" />
                      <test-case name="Test.SportsWeb.Services.TestAdminService.Test_IsSoftDeletedUser_Works" executed="True" result="Success" success="True" time="0.005" asserts="0" />
                      <test-case name="Test.SportsWeb.Services.TestAdminService.Test_UpdateAdministrator_Throws" executed="True" result="Success" success="True" time="0.004" asserts="0" />
                      <test-case name="Test.SportsWeb.Services.TestAdminService.Test_UpdateAdministrator_Works" executed="True" result="Success" success="True" time="0.005" asserts="0" />
                    </results>
                  </test-suite>
                  <test-suite type="TestFixture" name="TestAmpCabinet" executed="True" result="Success" success="True" time="2.620" asserts="0">
                    <results>
                      <test-case name="Test.SportsWeb.Services.TestAmpCabinet.Test_Create_Unknown_FaultException_Throws" executed="True" result="Success" success="True" time="0.231" asserts="0" />
                      <test-case name="Test.SportsWeb.Services.TestAmpCabinet.Test_CreateCustomer_FaultException_200_Throws" executed="True" result="Success" success="True" time="0.065" asserts="0" />
                      <test-case name="Test.SportsWeb.Services.TestAmpCabinet.Test_CreateCustomer_FaultException_202_Throws" executed="True" result="Success" success="True" time="0.029" asserts="0" />
                      <test-case name="Test.SportsWeb.Services.TestAmpCabinet.Test_CreateCustomer_FaultException_203_Throws" executed="True" result="Success" success="True" time="0.030" asserts="0" />
                      <test-case name="Test.SportsWeb.Services.TestAmpCabinet.Test_CreateCustomer_FaultException_204_Throws" executed="True" result="Success" success="True" time="0.031" asserts="0" />
                      <test-case name="Test.SportsWeb.Services.TestAmpCabinet.Test_CreateCustomer_FaultException_205_Throws" executed="True" result="Success" success="True" time="0.031" asserts="0" />
                      <test-case name="Test.SportsWeb.Services.TestAmpCabinet.Test_CreateCustomer_FaultException_206_Throws" executed="True" result="Success" success="True" time="0.027" asserts="0" />
                      <test-case name="Test.SportsWeb.Services.TestAmpCabinet.Test_CreateCustomer_FaultException_207_Throws" executed="True" result="Success" success="True" time="0.025" asserts="0" />
                      <test-case name="Test.SportsWeb.Services.TestAmpCabinet.Test_CreateCustomer_FaultException_210_Throws" executed="True" result="Success" success="True" time="0.027" asserts="0" />
                      <test-case name="Test.SportsWeb.Services.TestAmpCabinet.Test_CreateCustomer_FaultException_212_Throws" executed="True" result="Success" success="True" time="0.025" asserts="0" />
                      <test-case name="Test.SportsWeb.Services.TestAmpCabinet.Test_CreateCustomer_FaultException_217_Throws" executed="True" result="Success" success="True" time="0.025" asserts="0" />
                      <test-case name="Test.SportsWeb.Services.TestAmpCabinet.Test_CreateCustomer_FaultException_220_Throws" executed="True" result="Success" success="True" time="0.028" asserts="0" />
                      <test-case name="Test.SportsWeb.Services.TestAmpCabinet.Test_CreateCustomer_FaultException_221_Throws" executed="True" result="Success" success="True" time="0.029" asserts="0" />
                      <test-case name="Test.SportsWeb.Services.TestAmpCabinet.Test_CreateCustomer_Input_Null_Throws" executed="True" result="Success" success="True" time="0.009" asserts="0" />
                      <test-case name="Test.SportsWeb.Services.TestAmpCabinet.Test_CreateCustomer_NotFaultException_Throws" executed="True" result="Success" success="True" time="0.016" asserts="0" />
                      <test-case name="Test.SportsWeb.Services.TestAmpCabinet.Test_CreateCustomer_Works" executed="True" result="Success" success="True" time="0.014" asserts="0" />
                      <test-case name="Test.SportsWeb.Services.TestAmpCabinet.Test_CreatePitch_Exception_Throws" executed="True" result="Success" success="True" time="0.031" asserts="0" />
                      <test-case name="Test.SportsWeb.Services.TestAmpCabinet.Test_CreatePitch_FaultException_130_Throws" executed="True" result="Success" success="True" time="0.031" asserts="0" />
                      <test-case name="Test.SportsWeb.Services.TestAmpCabinet.Test_CreatePitch_FaultException_131_Throws" executed="True" result="Success" success="True" time="0.030" asserts="0" />
                      <test-case name="Test.SportsWeb.Services.TestAmpCabinet.Test_CreatePitch_FaultException_132_Throws" executed="True" result="Success" success="True" time="0.031" asserts="0" />
                      <test-case name="Test.SportsWeb.Services.TestAmpCabinet.Test_CreatePitch_FaultException_150_Throws" executed="True" result="Success" success="True" time="0.029" asserts="0" />
                      <test-case name="Test.SportsWeb.Services.TestAmpCabinet.Test_CreatePitch_FaultException_155_Throws" executed="True" result="Success" success="True" time="0.026" asserts="0" />
                      <test-case name="Test.SportsWeb.Services.TestAmpCabinet.Test_CreatePitch_FaultException_Unlnown_Throws" executed="True" result="Success" success="True" time="0.016" asserts="0" />
                      <test-case name="Test.SportsWeb.Services.TestAmpCabinet.Test_CreatePitch_Input_Null_throws" executed="True" result="Success" success="True" time="0.009" asserts="0" />
                      <test-case name="Test.SportsWeb.Services.TestAmpCabinet.Test_CreatePitch_Works" executed="True" result="Success" success="True" time="0.014" asserts="0" />
                      <test-case name="Test.SportsWeb.Services.TestAmpCabinet.Test_CreateSite_FaultException_151_Throws" executed="True" result="Success" success="True" time="0.029" asserts="0" />
                      <test-case name="Test.SportsWeb.Services.TestAmpCabinet.Test_CreateSite_FaultException_152_Throws" executed="True" result="Success" success="True" time="0.032" asserts="0" />
                      <test-case name="Test.SportsWeb.Services.TestAmpCabinet.Test_CreateSite_FaultException_153_Throws" executed="True" result="Success" success="True" time="0.030" asserts="0" />
                      <test-case name="Test.SportsWeb.Services.TestAmpCabinet.Test_CreateSite_FaultException_154_Throws" executed="True" result="Success" success="True" time="0.025" asserts="0" />
                      <test-case name="Test.SportsWeb.Services.TestAmpCabinet.Test_CreateSite_FaultException_500_Throws" executed="True" result="Success" success="True" time="0.028" asserts="0" />
                      <test-case name="Test.SportsWeb.Services.TestAmpCabinet.Test_CreateSite_Input_Null_Throws" executed="True" result="Success" success="True" time="0.008" asserts="0" />
                      <test-case name="Test.SportsWeb.Services.TestAmpCabinet.Test_CreateSite_Unknown_FaultException_Throws" executed="True" result="Success" success="True" time="0.017" asserts="0" />
                      <test-case name="Test.SportsWeb.Services.TestAmpCabinet.Test_CreateSite_Works" executed="True" result="Success" success="True" time="0.011" asserts="0" />
                      <test-case name="Test.SportsWeb.Services.TestAmpCabinet.Test_CreateSites_NotFaultException_Throws" executed="True" result="Success" success="True" time="0.013" asserts="0" />
                      <test-case name="Test.SportsWeb.Services.TestAmpCabinet.Test_DeletePitch_FaultException_150_Throws" executed="True" result="Success" success="True" time="0.036" asserts="0" />
                      <test-case name="Test.SportsWeb.Services.TestAmpCabinet.Test_DeletePitch_FaultException_155_Throws" executed="True" result="Success" success="True" time="0.029" asserts="0" />
                      <test-case name="Test.SportsWeb.Services.TestAmpCabinet.Test_DeletePitch_FaultException_500_Throws" executed="True" result="Success" success="True" time="0.018" asserts="0" />
                      <test-case name="Test.SportsWeb.Services.TestAmpCabinet.Test_DeletePitch_Input_Null_Throws" executed="True" result="Success" success="True" time="0.009" asserts="0" />
                      <test-case name="Test.SportsWeb.Services.TestAmpCabinet.Test_DeletePitch_ResponseNull_Throws" executed="True" result="Success" success="True" time="0.019" asserts="0" />
                      <test-case name="Test.SportsWeb.Services.TestAmpCabinet.Test_DeletePitch_Unknown_FaultException_Throws" executed="True" result="Success" success="True" time="0.022" asserts="0" />
                      <test-case name="Test.SportsWeb.Services.TestAmpCabinet.Test_DeletePitch_Works" executed="True" result="Success" success="True" time="0.015" asserts="0" />
                      <test-case name="Test.SportsWeb.Services.TestAmpCabinet.Test_DeleteSite_FaultException_150_Throws" executed="True" result="Success" success="True" time="0.032" asserts="0" />
                      <test-case name="Test.SportsWeb.Services.TestAmpCabinet.Test_DeleteSite_FaultException_155_Throws" executed="True" result="Success" success="True" time="0.025" asserts="0" />
                      <test-case name="Test.SportsWeb.Services.TestAmpCabinet.Test_DeleteSite_FaultException_500_Throws" executed="True" result="Success" success="True" time="0.029" asserts="0" />
                      <test-case name="Test.SportsWeb.Services.TestAmpCabinet.Test_DeleteSite_Input_Null_Throws" executed="True" result="Success" success="True" time="0.009" asserts="0" />
                      <test-case name="Test.SportsWeb.Services.TestAmpCabinet.Test_DeleteSite_ResponseNull_Throws" executed="True" result="Success" success="True" time="0.016" asserts="0" />
                      <test-case name="Test.SportsWeb.Services.TestAmpCabinet.Test_DeleteSite_Unknown_FaultException_Throws" executed="True" result="Success" success="True" time="0.015" asserts="0" />
                      <test-case name="Test.SportsWeb.Services.TestAmpCabinet.Test_DeleteSite_Works" executed="True" result="Success" success="True" time="0.013" asserts="0" />
                      <test-case name="Test.SportsWeb.Services.TestAmpCabinet.Test_EditField_FaultException_150_Throws" executed="True" result="Success" success="True" time="0.039" asserts="0" />
                      <test-case name="Test.SportsWeb.Services.TestAmpCabinet.Test_EditField_FaultException_155_Throws" executed="True" result="Success" success="True" time="0.033" asserts="0" />
                      <test-case name="Test.SportsWeb.Services.TestAmpCabinet.Test_EditField_FaultException_500_Throws" executed="True" result="Success" success="True" time="0.017" asserts="0" />
                      <test-case name="Test.SportsWeb.Services.TestAmpCabinet.Test_EditField_Input_Null_Throws" executed="True" result="Success" success="True" time="0.012" asserts="0" />
                      <test-case name="Test.SportsWeb.Services.TestAmpCabinet.Test_EditField_ResponseNull_Throws" executed="True" result="Success" success="True" time="0.014" asserts="0" />
                      <test-case name="Test.SportsWeb.Services.TestAmpCabinet.Test_EditField_Unknown_FaultException_Throws" executed="True" result="Success" success="True" time="0.015" asserts="0" />
                      <test-case name="Test.SportsWeb.Services.TestAmpCabinet.Test_EditField_Works" executed="True" result="Success" success="True" time="0.014" asserts="0" />
                      <test-case name="Test.SportsWeb.Services.TestAmpCabinet.Test_EditSite_FaultException_151_Throws" executed="True" result="Success" success="True" time="0.032" asserts="0" />
                      <test-case name="Test.SportsWeb.Services.TestAmpCabinet.Test_EditSite_FaultException_152_Throws" executed="True" result="Success" success="True" time="0.027" asserts="0" />
                      <test-case name="Test.SportsWeb.Services.TestAmpCabinet.Test_EditSite_FaultException_153_Throws" executed="True" result="Success" success="True" time="0.026" asserts="0" />
                      <test-case name="Test.SportsWeb.Services.TestAmpCabinet.Test_EditSite_FaultException_154_Throws" executed="True" result="Success" success="True" time="0.026" asserts="0" />
                      <test-case name="Test.SportsWeb.Services.TestAmpCabinet.Test_EditSite_FaultException_500_Throws" executed="True" result="Success" success="True" time="0.030" asserts="0" />
                      <test-case name="Test.SportsWeb.Services.TestAmpCabinet.Test_EditSite_Input_Null_Throws" executed="True" result="Success" success="True" time="0.009" asserts="0" />
                      <test-case name="Test.SportsWeb.Services.TestAmpCabinet.Test_EditSite_Throws_IfAmpWebsendsWrongStatusCode" executed="True" result="Success" success="True" time="0.013" asserts="0" />
                      <test-case name="Test.SportsWeb.Services.TestAmpCabinet.Test_EditSite_Unknown_FaultException_Throws" executed="True" result="Success" success="True" time="0.015" asserts="0" />
                      <test-case name="Test.SportsWeb.Services.TestAmpCabinet.Test_EditSite_Works" executed="True" result="Success" success="True" time="0.015" asserts="0" />
                      <test-case name="Test.SportsWeb.Services.TestAmpCabinet.Test_EditSites_NotFaultException_Throws" executed="True" result="Success" success="True" time="0.013" asserts="0" />
                      <test-case name="Test.SportsWeb.Services.TestAmpCabinet.Test_getControllerStatus_FaultException_1_Throws" executed="True" result="Success" success="True" time="0.030" asserts="0" />
                      <test-case name="Test.SportsWeb.Services.TestAmpCabinet.Test_getControllerStatus_FaultException_150_Throws" executed="True" result="Success" success="True" time="0.025" asserts="0" />
                      <test-case name="Test.SportsWeb.Services.TestAmpCabinet.Test_getControllerStatus_FaultException_155_Throws" executed="True" result="Success" success="True" time="0.025" asserts="0" />
                      <test-case name="Test.SportsWeb.Services.TestAmpCabinet.Test_getControllerStatus_FaultException_2_Throws" executed="True" result="Success" success="True" time="0.031" asserts="0" />
                      <test-case name="Test.SportsWeb.Services.TestAmpCabinet.Test_getControllerStatus_FaultException_22_Throws" executed="True" result="Success" success="True" time="0.030" asserts="0" />
                      <test-case name="Test.SportsWeb.Services.TestAmpCabinet.Test_getControllerStatus_FaultException_32_Throws" executed="True" result="Success" success="True" time="0.027" asserts="0" />
                      <test-case name="Test.SportsWeb.Services.TestAmpCabinet.Test_getControllerStatus_NotFaultException_Throws" executed="True" result="Success" success="True" time="0.012" asserts="0" />
                      <test-case name="Test.SportsWeb.Services.TestAmpCabinet.Test_getControllerStatus_Unknown_FaultException_Throws" executed="True" result="Success" success="True" time="0.015" asserts="0" />
                      <test-case name="Test.SportsWeb.Services.TestAmpCabinet.Test_getControllerStatus_Works" executed="True" result="Success" success="True" time="0.017" asserts="0" />
                      <test-case name="Test.SportsWeb.Services.TestAmpCabinet.Test_GetCustomerUserInfo_Noampuser_Works" executed="True" result="Success" success="True" time="0.015" asserts="0" />
                      <test-case name="Test.SportsWeb.Services.TestAmpCabinet.Test_GetCustomerUserInfo_Works" executed="True" result="Success" success="True" time="0.009" asserts="0" />
                      <test-case name="Test.SportsWeb.Services.TestAmpCabinet.Test_GetField_Exception_SiteNodeIdRequired" executed="True" result="Success" success="True" time="0.022" asserts="0" />
                      <test-case name="Test.SportsWeb.Services.TestAmpCabinet.Test_GetField_FaultException_150_Throws" executed="True" result="Success" success="True" time="0.028" asserts="0" />
                      <test-case name="Test.SportsWeb.Services.TestAmpCabinet.Test_GetField_FaultException_155_Throws" executed="True" result="Success" success="True" time="0.026" asserts="0" />
                      <test-case name="Test.SportsWeb.Services.TestAmpCabinet.Test_GetField_NotFaultException_Throws" executed="True" result="Success" success="True" time="0.015" asserts="0" />
                      <test-case name="Test.SportsWeb.Services.TestAmpCabinet.Test_GetField_Unknown_FaultException_Throws" executed="True" result="Success" success="True" time="0.017" asserts="0" />
                      <test-case name="Test.SportsWeb.Services.TestAmpCabinet.Test_GetField_Works" executed="True" result="Success" success="True" time="0.013" asserts="0" />
                      <test-case name="Test.SportsWeb.Services.TestAmpCabinet.Test_GetFieldState_Works" executed="True" result="Success" success="True" time="0.014" asserts="0" />
                      <test-case name="Test.SportsWeb.Services.TestAmpCabinet.Test_GetSites_FaultException_500_Throws" executed="True" result="Success" success="True" time="0.030" asserts="0" />
                      <test-case name="Test.SportsWeb.Services.TestAmpCabinet.Test_GetSites_Input_Null_Throws" executed="True" result="Success" success="True" time="0.008" asserts="0" />
                      <test-case name="Test.SportsWeb.Services.TestAmpCabinet.Test_GetSites_NoResponse_Throws" executed="True" result="Success" success="True" time="0.010" asserts="0" />
                      <test-case name="Test.SportsWeb.Services.TestAmpCabinet.Test_GetSites_NotFaultException_Throws" executed="True" result="Success" success="True" time="0.012" asserts="0" />
                      <test-case name="Test.SportsWeb.Services.TestAmpCabinet.Test_GetSites_Unknown_FaultException_Throws" executed="True" result="Success" success="True" time="0.013" asserts="0" />
                      <test-case name="Test.SportsWeb.Services.TestAmpCabinet.Test_GetSites_Works" executed="True" result="Success" success="True" time="0.013" asserts="0" />
                      <test-case name="Test.SportsWeb.Services.TestAmpCabinet.Test_GetStandardUserInfo_Works" executed="True" result="Success" success="True" time="0.008" asserts="0" />
                      <test-case name="Test.SportsWeb.Services.TestAmpCabinet.Test_GetSuperUserInfo_Works" executed="True" result="Success" success="True" time="0.007" asserts="0" />
                      <test-case name="Test.SportsWeb.Services.TestAmpCabinet.Test_GetUserInfoFromSiteId_Works" executed="True" result="Success" success="True" time="0.012" asserts="0" />
                      <test-case name="Test.SportsWeb.Services.TestAmpCabinet.Test_SetFieldState_Works" executed="True" result="Success" success="True" time="0.013" asserts="0" />
                      <test-case name="Test.SportsWeb.Services.TestAmpCabinet.Test_SetSceneSettings_FaultException_150_Throws" executed="True" result="Success" success="True" time="0.039" asserts="0" />
                      <test-case name="Test.SportsWeb.Services.TestAmpCabinet.Test_SetSceneSettings_FaultException_155_Throws" executed="True" result="Success" success="True" time="0.027" asserts="0" />
                      <test-case name="Test.SportsWeb.Services.TestAmpCabinet.Test_SetSceneSettings_FaultException_156_Throws" executed="True" result="Success" success="True" time="0.030" asserts="0" />
                      <test-case name="Test.SportsWeb.Services.TestAmpCabinet.Test_SetSceneSettings_FaultException_409_Throws" executed="True" result="Success" success="True" time="0.026" asserts="0" />
                      <test-case name="Test.SportsWeb.Services.TestAmpCabinet.Test_SetSceneSettings_FaultException_500_Throws" executed="True" result="Success" success="True" time="0.030" asserts="0" />
                      <test-case name="Test.SportsWeb.Services.TestAmpCabinet.Test_SetSceneSettings_Input_Null_Throws" executed="True" result="Success" success="True" time="0.008" asserts="0" />
                      <test-case name="Test.SportsWeb.Services.TestAmpCabinet.Test_SetSceneSettings_ResponseNull_Throws" executed="True" result="Success" success="True" time="0.015" asserts="0" />
                      <test-case name="Test.SportsWeb.Services.TestAmpCabinet.Test_SetSceneSettings_Unknown_FaultException_Throws" executed="True" result="Success" success="True" time="0.014" asserts="0" />
                      <test-case name="Test.SportsWeb.Services.TestAmpCabinet.Test_SetSceneSettings_Works" executed="True" result="Success" success="True" time="0.019" asserts="0" />
                    </results>
                  </test-suite>
                  <test-suite type="TestFixture" name="TestAmpCabinet_Circuits" executed="True" result="Success" success="True" time="3.084" asserts="0">
                    <results>
                      <test-case name="Test.SportsWeb.Services.TestAmpCabinet_Circuits.Test_AbortAutoCircuitDetection_FaultException_150_Throws" executed="True" result="Success" success="True" time="0.048" asserts="0" />
                      <test-case name="Test.SportsWeb.Services.TestAmpCabinet_Circuits.Test_AbortAutoCircuitDetection_FaultException_155_Throws" executed="True" result="Success" success="True" time="0.030" asserts="0" />
                      <test-case name="Test.SportsWeb.Services.TestAmpCabinet_Circuits.Test_AbortAutoCircuitDetection_FaultException_177_Throws" executed="True" result="Success" success="True" time="0.029" asserts="0" />
                      <test-case name="Test.SportsWeb.Services.TestAmpCabinet_Circuits.Test_AbortAutoCircuitDetection_FaultException_178_Throws" executed="True" result="Success" success="True" time="0.035" asserts="0" />
                      <test-case name="Test.SportsWeb.Services.TestAmpCabinet_Circuits.Test_AbortAutoCircuitDetection_FaultException_373_Throws" executed="True" result="Success" success="True" time="0.030" asserts="0" />
                      <test-case name="Test.SportsWeb.Services.TestAmpCabinet_Circuits.Test_AbortAutoCircuitDetection_FaultException_374_Throws" executed="True" result="Success" success="True" time="0.028" asserts="0" />
                      <test-case name="Test.SportsWeb.Services.TestAmpCabinet_Circuits.Test_AbortAutoCircuitDetection_FaultException_375_Throws" executed="True" result="Success" success="True" time="0.027" asserts="0" />
                      <test-case name="Test.SportsWeb.Services.TestAmpCabinet_Circuits.Test_AbortAutoCircuitDetection_FaultException_500_Throws" executed="True" result="Success" success="True" time="0.027" asserts="0" />
                      <test-case name="Test.SportsWeb.Services.TestAmpCabinet_Circuits.Test_AbortAutoCircuitDetection_Input_Null_Throws" executed="True" result="Success" success="True" time="0.009" asserts="0" />
                      <test-case name="Test.SportsWeb.Services.TestAmpCabinet_Circuits.Test_AbortAutoCircuitDetection_NoStopRequestFound_Throws" executed="True" result="Success" success="True" time="0.032" asserts="0" />
                      <test-case name="Test.SportsWeb.Services.TestAmpCabinet_Circuits.Test_AbortAutoCircuitDetection_Site_Not_Found_Throws" executed="True" result="Success" success="True" time="0.014" asserts="0" />
                      <test-case name="Test.SportsWeb.Services.TestAmpCabinet_Circuits.Test_AbortAutoCircuitDetection_StatusUnknown_Throws" executed="True" result="Success" success="True" time="0.014" asserts="0" />
                      <test-case name="Test.SportsWeb.Services.TestAmpCabinet_Circuits.Test_AbortAutoCircuitDetection_StopAlreadyInitiated_Throwss" executed="True" result="Success" success="True" time="0.032" asserts="0" />
                      <test-case name="Test.SportsWeb.Services.TestAmpCabinet_Circuits.Test_AbortAutoCircuitDetection_Unknown_FaultException_Throws" executed="True" result="Success" success="True" time="0.016" asserts="0" />
                      <test-case name="Test.SportsWeb.Services.TestAmpCabinet_Circuits.Test_AbortAutoCircuitDetection_Works" executed="True" result="Success" success="True" time="0.014" asserts="0" />
                      <test-case name="Test.SportsWeb.Services.TestAmpCabinet_Circuits.Test_AttachCircuitsToField_FaultException_150_Throws" executed="True" result="Success" success="True" time="0.064" asserts="0" />
                      <test-case name="Test.SportsWeb.Services.TestAmpCabinet_Circuits.Test_AttachCircuitsToField_FaultException_155_Throws" executed="True" result="Success" success="True" time="0.029" asserts="0" />
                      <test-case name="Test.SportsWeb.Services.TestAmpCabinet_Circuits.Test_AttachCircuitsToField_FaultException_177_Throws" executed="True" result="Success" success="True" time="0.033" asserts="0" />
                      <test-case name="Test.SportsWeb.Services.TestAmpCabinet_Circuits.Test_AttachCircuitsToField_FaultException_178_Throws" executed="True" result="Success" success="True" time="0.035" asserts="0" />
                      <test-case name="Test.SportsWeb.Services.TestAmpCabinet_Circuits.Test_AttachCircuitsToField_FaultException_385_Throws" executed="True" result="Success" success="True" time="0.032" asserts="0" />
                      <test-case name="Test.SportsWeb.Services.TestAmpCabinet_Circuits.Test_AttachCircuitsToField_FaultException_386_Throws" executed="True" result="Success" success="True" time="0.036" asserts="0" />
                      <test-case name="Test.SportsWeb.Services.TestAmpCabinet_Circuits.Test_AttachCircuitsToField_FaultException_387_Throws" executed="True" result="Success" success="True" time="0.033" asserts="0" />
                      <test-case name="Test.SportsWeb.Services.TestAmpCabinet_Circuits.Test_AttachCircuitsToField_UnknownFault_Throws" executed="True" result="Success" success="True" time="0.020" asserts="0" />
                      <test-case name="Test.SportsWeb.Services.TestAmpCabinet_Circuits.Test_AttachCircuitsToField_Works" executed="True" result="Success" success="True" time="0.016" asserts="0" />
                      <test-case name="Test.SportsWeb.Services.TestAmpCabinet_Circuits.Test_DetachCircuitsToField_FaultException_150_Throws" executed="True" result="Success" success="True" time="0.037" asserts="0" />
                      <test-case name="Test.SportsWeb.Services.TestAmpCabinet_Circuits.Test_DetachCircuitsToField_FaultException_155_Throws" executed="True" result="Success" success="True" time="0.035" asserts="0" />
                      <test-case name="Test.SportsWeb.Services.TestAmpCabinet_Circuits.Test_DetachCircuitsToField_FaultException_177_Throws" executed="True" result="Success" success="True" time="0.028" asserts="0" />
                      <test-case name="Test.SportsWeb.Services.TestAmpCabinet_Circuits.Test_DetachCircuitsToField_FaultException_178_Throws" executed="True" result="Success" success="True" time="0.027" asserts="0" />
                      <test-case name="Test.SportsWeb.Services.TestAmpCabinet_Circuits.Test_DetachCircuitsToField_FaultException_385_Throws" executed="True" result="Success" success="True" time="0.027" asserts="0" />
                      <test-case name="Test.SportsWeb.Services.TestAmpCabinet_Circuits.Test_DetachCircuitsToField_FaultException_386_Throws" executed="True" result="Success" success="True" time="0.026" asserts="0" />
                      <test-case name="Test.SportsWeb.Services.TestAmpCabinet_Circuits.Test_DetachCircuitsToField_FaultException_387_Throws" executed="True" result="Success" success="True" time="0.026" asserts="0" />
                      <test-case name="Test.SportsWeb.Services.TestAmpCabinet_Circuits.Test_DetachCircuitsToField_UnknownFault_Throws" executed="True" result="Success" success="True" time="0.015" asserts="0" />
                      <test-case name="Test.SportsWeb.Services.TestAmpCabinet_Circuits.Test_DetachCircuitsToField_Works" executed="True" result="Success" success="True" time="0.013" asserts="0" />
                      <test-case name="Test.SportsWeb.Services.TestAmpCabinet_Circuits.Test_GetAssociatedCircuits_Exception_Throws" executed="True" result="Success" success="True" time="0.021" asserts="0" />
                      <test-case name="Test.SportsWeb.Services.TestAmpCabinet_Circuits.Test_GetAssociatedCircuits_FaultException_150_Throws" executed="True" result="Success" success="True" time="0.030" asserts="0" />
                      <test-case name="Test.SportsWeb.Services.TestAmpCabinet_Circuits.Test_GetAssociatedCircuits_FaultException_155_Throws" executed="True" result="Success" success="True" time="0.035" asserts="0" />
                      <test-case name="Test.SportsWeb.Services.TestAmpCabinet_Circuits.Test_GetAssociatedCircuits_FaultException_Unknown_Throws" executed="True" result="Success" success="True" time="0.018" asserts="0" />
                      <test-case name="Test.SportsWeb.Services.TestAmpCabinet_Circuits.Test_GetAssociatedCircuits_Input_null_Throws" executed="True" result="Success" success="True" time="0.009" asserts="0" />
                      <test-case name="Test.SportsWeb.Services.TestAmpCabinet_Circuits.Test_GetAssociatedCircuits_Response_null_DoesNotThrow" executed="True" result="Success" success="True" time="0.013" asserts="0" />
                      <test-case name="Test.SportsWeb.Services.TestAmpCabinet_Circuits.Test_GetAssociatedCircuits_Works" executed="True" result="Success" success="True" time="0.022" asserts="0" />
                      <test-case name="Test.SportsWeb.Services.TestAmpCabinet_Circuits.Test_GetCircuitAssociationForController_Exception_Throws" executed="True" result="Success" success="True" time="0.020" asserts="0" />
                      <test-case name="Test.SportsWeb.Services.TestAmpCabinet_Circuits.Test_GetCircuitAssociationForController_FaultException_150_Throws" executed="True" result="Success" success="True" time="0.033" asserts="0" />
                      <test-case name="Test.SportsWeb.Services.TestAmpCabinet_Circuits.Test_GetCircuitAssociationForController_FaultException_155_Throws" executed="True" result="Success" success="True" time="0.027" asserts="0" />
                      <test-case name="Test.SportsWeb.Services.TestAmpCabinet_Circuits.Test_GetCircuitAssociationForController_FaultException_Unknown_Throws" executed="True" result="Success" success="True" time="0.015" asserts="0" />
                      <test-case name="Test.SportsWeb.Services.TestAmpCabinet_Circuits.Test_GetCircuitAssociationForController_Input_null_Throws" executed="True" result="Success" success="True" time="0.012" asserts="0" />
                      <test-case name="Test.SportsWeb.Services.TestAmpCabinet_Circuits.Test_GetCircuitAssociationForController_Response_null_DoesNotThrow" executed="True" result="Success" success="True" time="0.014" asserts="0" />
                      <test-case name="Test.SportsWeb.Services.TestAmpCabinet_Circuits.Test_GetCircuitAssociationForController_Works" executed="True" result="Success" success="True" time="0.045" asserts="0" />
                      <test-case name="Test.SportsWeb.Services.TestAmpCabinet_Circuits.Test_GetCircuitDetectionProgress_100Percent_acdstatus4_Works" executed="True" result="Success" success="True" time="0.022" asserts="0" />
                      <test-case name="Test.SportsWeb.Services.TestAmpCabinet_Circuits.Test_GetCircuitDetectionProgress_100Percent_acdstatus8_Works" executed="True" result="Success" success="True" time="0.016" asserts="0" />
                      <test-case name="Test.SportsWeb.Services.TestAmpCabinet_Circuits.Test_GetCircuitDetectionProgress_FaultException_150_Throws" executed="True" result="Success" success="True" time="0.027" asserts="0" />
                      <test-case name="Test.SportsWeb.Services.TestAmpCabinet_Circuits.Test_GetCircuitDetectionProgress_FaultException_155_Throws" executed="True" result="Success" success="True" time="0.028" asserts="0" />
                      <test-case name="Test.SportsWeb.Services.TestAmpCabinet_Circuits.Test_GetCircuitDetectionProgress_FaultException_177_Throws" executed="True" result="Success" success="True" time="0.033" asserts="0" />
                      <test-case name="Test.SportsWeb.Services.TestAmpCabinet_Circuits.Test_GetCircuitDetectionProgress_FaultException_178_Throws" executed="True" result="Success" success="True" time="0.032" asserts="0" />
                      <test-case name="Test.SportsWeb.Services.TestAmpCabinet_Circuits.Test_GetCircuitDetectionProgress_FaultException_372_Throws" executed="True" result="Success" success="True" time="0.029" asserts="0" />
                      <test-case name="Test.SportsWeb.Services.TestAmpCabinet_Circuits.Test_GetCircuitDetectionProgress_FaultException_388_Throws" executed="True" result="Success" success="True" time="0.032" asserts="0" />
                      <test-case name="Test.SportsWeb.Services.TestAmpCabinet_Circuits.Test_GetCircuitDetectionProgress_FaultException_411_Throws" executed="True" result="Success" success="True" time="0.026" asserts="0" />
                      <test-case name="Test.SportsWeb.Services.TestAmpCabinet_Circuits.Test_GetCircuitDetectionProgress_FaultException_419_Throws" executed="True" result="Success" success="True" time="0.028" asserts="0" />
                      <test-case name="Test.SportsWeb.Services.TestAmpCabinet_Circuits.Test_GetCircuitDetectionProgress_FaultException_420_Throws" executed="True" result="Success" success="True" time="0.030" asserts="0" />
                      <test-case name="Test.SportsWeb.Services.TestAmpCabinet_Circuits.Test_GetCircuitDetectionProgress_FaultException_421_Throws" executed="True" result="Success" success="True" time="0.028" asserts="0" />
                      <test-case name="Test.SportsWeb.Services.TestAmpCabinet_Circuits.Test_GetCircuitDetectionProgress_FaultException_422_Throws" executed="True" result="Success" success="True" time="0.028" asserts="0" />
                      <test-case name="Test.SportsWeb.Services.TestAmpCabinet_Circuits.Test_GetCircuitDetectionProgress_FaultException_423_Throws" executed="True" result="Success" success="True" time="0.027" asserts="0" />
                      <test-case name="Test.SportsWeb.Services.TestAmpCabinet_Circuits.Test_GetCircuitDetectionProgress_Input_Null_Throws" executed="True" result="Success" success="True" time="0.009" asserts="0" />
                      <test-case name="Test.SportsWeb.Services.TestAmpCabinet_Circuits.Test_GetCircuitDetectionProgress_PercentCheck_Works" executed="True" result="Success" success="True" time="0.014" asserts="0" />
                      <test-case name="Test.SportsWeb.Services.TestAmpCabinet_Circuits.Test_GetCircuitDetectionProgress_Site_Not_Found_Throws" executed="True" result="Success" success="True" time="0.014" asserts="0" />
                      <test-case name="Test.SportsWeb.Services.TestAmpCabinet_Circuits.Test_GetCircuitDetectionProgress_Unknown_FaultException_Throws" executed="True" result="Success" success="True" time="0.018" asserts="0" />
                      <test-case name="Test.SportsWeb.Services.TestAmpCabinet_Circuits.Test_GetCircuitDetectionProgress_Works" executed="True" result="Success" success="True" time="0.013" asserts="0" />
                      <test-case name="Test.SportsWeb.Services.TestAmpCabinet_Circuits.Test_GetDetectedCircuits_FaultException_150_Throws" executed="True" result="Success" success="True" time="0.028" asserts="0" />
                      <test-case name="Test.SportsWeb.Services.TestAmpCabinet_Circuits.Test_GetDetectedCircuits_FaultException_155_Throws" executed="True" result="Success" success="True" time="0.026" asserts="0" />
                      <test-case name="Test.SportsWeb.Services.TestAmpCabinet_Circuits.Test_GetDetectedCircuits_FaultException_178_Throws" executed="True" result="Success" success="True" time="0.026" asserts="0" />
                      <test-case name="Test.SportsWeb.Services.TestAmpCabinet_Circuits.Test_GetDetectedCircuits_FaultException_376_Throws" executed="True" result="Success" success="True" time="0.034" asserts="0" />
                      <test-case name="Test.SportsWeb.Services.TestAmpCabinet_Circuits.Test_GetDetectedCircuits_Input_Null_Throws" executed="True" result="Success" success="True" time="0.011" asserts="0" />
                      <test-case name="Test.SportsWeb.Services.TestAmpCabinet_Circuits.Test_GetDetectedCircuits_Site_Not_Found_Throws" executed="True" result="Success" success="True" time="0.010" asserts="0" />
                      <test-case name="Test.SportsWeb.Services.TestAmpCabinet_Circuits.Test_GetDetectedCircuits_Unknown_FaultException_Throws" executed="True" result="Success" success="True" time="0.015" asserts="0" />
                      <test-case name="Test.SportsWeb.Services.TestAmpCabinet_Circuits.Test_GetDetectedCircuits_Works" executed="True" result="Success" success="True" time="0.016" asserts="0" />
                      <test-case name="Test.SportsWeb.Services.TestAmpCabinet_Circuits.Test_InitiateAutoCircuitDetection_FaultException_150_Throws" executed="True" result="Success" success="True" time="0.033" asserts="0" />
                      <test-case name="Test.SportsWeb.Services.TestAmpCabinet_Circuits.Test_InitiateAutoCircuitDetection_FaultException_155_Throws" executed="True" result="Success" success="True" time="0.029" asserts="0" />
                      <test-case name="Test.SportsWeb.Services.TestAmpCabinet_Circuits.Test_InitiateAutoCircuitDetection_FaultException_177_Throws" executed="True" result="Success" success="True" time="0.028" asserts="0" />
                      <test-case name="Test.SportsWeb.Services.TestAmpCabinet_Circuits.Test_InitiateAutoCircuitDetection_FaultException_178_Throws" executed="True" result="Success" success="True" time="0.026" asserts="0" />
                      <test-case name="Test.SportsWeb.Services.TestAmpCabinet_Circuits.Test_InitiateAutoCircuitDetection_FaultException_500_Throws" executed="True" result="Success" success="True" time="0.027" asserts="0" />
                      <test-case name="Test.SportsWeb.Services.TestAmpCabinet_Circuits.Test_InitiateAutoCircuitDetection_Input_Null_Throws" executed="True" result="Success" success="True" time="0.009" asserts="0" />
                      <test-case name="Test.SportsWeb.Services.TestAmpCabinet_Circuits.Test_InitiateAutoCircuitDetection_Site_Not_Found_Throws" executed="True" result="Success" success="True" time="0.012" asserts="0" />
                      <test-case name="Test.SportsWeb.Services.TestAmpCabinet_Circuits.Test_InitiateAutoCircuitDetection_Unknown_FaultException_Throws" executed="True" result="Success" success="True" time="0.019" asserts="0" />
                      <test-case name="Test.SportsWeb.Services.TestAmpCabinet_Circuits.Test_InitiateAutoCircuitDetection_Works" executed="True" result="Success" success="True" time="0.016" asserts="0" />
                      <test-case name="Test.SportsWeb.Services.TestAmpCabinet_Circuits.Test_RenameCircuit_FaultException_150_Throws" executed="True" result="Success" success="True" time="0.038" asserts="0" />
                      <test-case name="Test.SportsWeb.Services.TestAmpCabinet_Circuits.Test_RenameCircuit_FaultException_155_Throws" executed="True" result="Success" success="True" time="0.031" asserts="0" />
                      <test-case name="Test.SportsWeb.Services.TestAmpCabinet_Circuits.Test_RenameCircuit_FaultException_178_Throws" executed="True" result="Success" success="True" time="0.029" asserts="0" />
                      <test-case name="Test.SportsWeb.Services.TestAmpCabinet_Circuits.Test_RenameCircuit_FaultException_371_Throws" executed="True" result="Success" success="True" time="0.031" asserts="0" />
                      <test-case name="Test.SportsWeb.Services.TestAmpCabinet_Circuits.Test_RenameCircuit_FaultException_372_Throws" executed="True" result="Success" success="True" time="0.033" asserts="0" />
                      <test-case name="Test.SportsWeb.Services.TestAmpCabinet_Circuits.Test_RenameCircuit_FaultException_383_Throws" executed="True" result="Success" success="True" time="0.029" asserts="0" />
                      <test-case name="Test.SportsWeb.Services.TestAmpCabinet_Circuits.Test_RenameCircuit_FaultException_384_Throws" executed="True" result="Success" success="True" time="0.026" asserts="0" />
                      <test-case name="Test.SportsWeb.Services.TestAmpCabinet_Circuits.Test_RenameCircuit_Input_Null_Throws" executed="True" result="Success" success="True" time="0.010" asserts="0" />
                      <test-case name="Test.SportsWeb.Services.TestAmpCabinet_Circuits.Test_RenameCircuit_Site_Not_Found_Throws" executed="True" result="Success" success="True" time="0.012" asserts="0" />
                      <test-case name="Test.SportsWeb.Services.TestAmpCabinet_Circuits.Test_RenameCircuit_Unknown_FaultException_Throws" executed="True" result="Success" success="True" time="0.019" asserts="0" />
                      <test-case name="Test.SportsWeb.Services.TestAmpCabinet_Circuits.Test_RenameCircuit_Works" executed="True" result="Success" success="True" time="0.014" asserts="0" />
                      <test-case name="Test.SportsWeb.Services.TestAmpCabinet_Circuits.Test_VerifyCircuit_FaultException_150_Throws" executed="True" result="Success" success="True" time="0.036" asserts="0" />
                      <test-case name="Test.SportsWeb.Services.TestAmpCabinet_Circuits.Test_VerifyCircuit_FaultException_155_Throws" executed="True" result="Success" success="True" time="0.027" asserts="0" />
                      <test-case name="Test.SportsWeb.Services.TestAmpCabinet_Circuits.Test_VerifyCircuit_FaultException_178_Throws" executed="True" result="Success" success="True" time="0.028" asserts="0" />
                      <test-case name="Test.SportsWeb.Services.TestAmpCabinet_Circuits.Test_VerifyCircuit_FaultException_371_Throws" executed="True" result="Success" success="True" time="0.028" asserts="0" />
                      <test-case name="Test.SportsWeb.Services.TestAmpCabinet_Circuits.Test_VerifyCircuit_FaultException_372_Throws" executed="True" result="Success" success="True" time="0.031" asserts="0" />
                      <test-case name="Test.SportsWeb.Services.TestAmpCabinet_Circuits.Test_VerifyCircuit_FaultException_382_Throws" executed="True" result="Success" success="True" time="0.030" asserts="0" />
                      <test-case name="Test.SportsWeb.Services.TestAmpCabinet_Circuits.Test_VerifyCircuit_Inprogress_Works" executed="True" result="Success" success="True" time="0.015" asserts="0" />
                      <test-case name="Test.SportsWeb.Services.TestAmpCabinet_Circuits.Test_VerifyCircuit_Input_Null_Throws" executed="True" result="Success" success="True" time="0.010" asserts="0" />
                      <test-case name="Test.SportsWeb.Services.TestAmpCabinet_Circuits.Test_VerifyCircuit_Site_Not_Found_Throws" executed="True" result="Success" success="True" time="0.011" asserts="0" />
                      <test-case name="Test.SportsWeb.Services.TestAmpCabinet_Circuits.Test_VerifyCircuit_Unknown_FaultException_Throws" executed="True" result="Success" success="True" time="0.017" asserts="0" />
                      <test-case name="Test.SportsWeb.Services.TestAmpCabinet_Circuits.Test_VerifyCircuit_Works" executed="True" result="Success" success="True" time="0.020" asserts="0" />
                      <test-case name="Test.SportsWeb.Services.TestAmpCabinet_Circuits.Test_VerifyCircuitStatus_Failure_Throws" executed="True" result="Success" success="True" time="0.027" asserts="0" />
                      <test-case name="Test.SportsWeb.Services.TestAmpCabinet_Circuits.Test_VerifyCircuitStatus_FaultException_150_Throws" executed="True" result="Success" success="True" time="0.032" asserts="0" />
                      <test-case name="Test.SportsWeb.Services.TestAmpCabinet_Circuits.Test_VerifyCircuitStatus_FaultException_155_Throws" executed="True" result="Success" success="True" time="0.029" asserts="0" />
                      <test-case name="Test.SportsWeb.Services.TestAmpCabinet_Circuits.Test_VerifyCircuitStatus_FaultException_177_Throws" executed="True" result="Success" success="True" time="0.033" asserts="0" />
                      <test-case name="Test.SportsWeb.Services.TestAmpCabinet_Circuits.Test_VerifyCircuitStatus_FaultException_178_Throws" executed="True" result="Success" success="True" time="0.031" asserts="0" />
                      <test-case name="Test.SportsWeb.Services.TestAmpCabinet_Circuits.Test_VerifyCircuitStatus_FaultException_371_Throws" executed="True" result="Success" success="True" time="0.036" asserts="0" />
                      <test-case name="Test.SportsWeb.Services.TestAmpCabinet_Circuits.Test_VerifyCircuitStatus_FaultException_372_Throws" executed="True" result="Success" success="True" time="0.033" asserts="0" />
                      <test-case name="Test.SportsWeb.Services.TestAmpCabinet_Circuits.Test_VerifyCircuitstatus_FaultException_382_Throws" executed="True" result="Success" success="True" time="0.030" asserts="0" />
                      <test-case name="Test.SportsWeb.Services.TestAmpCabinet_Circuits.Test_VerifyCircuitStatus_InProgress_Works" executed="True" result="Success" success="True" time="0.013" asserts="0" />
                      <test-case name="Test.SportsWeb.Services.TestAmpCabinet_Circuits.Test_VerifyCircuitStatus_Input_Null_Throws" executed="True" result="Success" success="True" time="0.011" asserts="0" />
                      <test-case name="Test.SportsWeb.Services.TestAmpCabinet_Circuits.Test_VerifyCircuitStatus_Site_Not_Found_Throws" executed="True" result="Success" success="True" time="0.015" asserts="0" />
                      <test-case name="Test.SportsWeb.Services.TestAmpCabinet_Circuits.Test_VerifyCircuitStatus_Unknown_FaultException_Throws" executed="True" result="Success" success="True" time="0.019" asserts="0" />
                      <test-case name="Test.SportsWeb.Services.TestAmpCabinet_Circuits.Test_VerifyCircuitStatus_Works" executed="True" result="Success" success="True" time="0.017" asserts="0" />
                    </results>
                  </test-suite>
                  <test-suite type="TestFixture" name="TestAmpCabinet_CPU" executed="True" result="Success" success="True" time="0.848" asserts="0">
                    <results>
                      <test-case name="Test.SportsWeb.Services.TestAmpCabinet_CPU.Test_CreateController_Input_Null_Throws" executed="True" result="Success" success="True" time="0.024" asserts="0" />
                      <test-case name="Test.SportsWeb.Services.TestAmpCabinet_CPU.Test_CreateController_Works" executed="True" result="Success" success="True" time="0.017" asserts="0" />
                      <test-case name="Test.SportsWeb.Services.TestAmpCabinet_CPU.Test_CreateControoler_FaultException_150_Throws" executed="True" result="Success" success="True" time="0.030" asserts="0" />
                      <test-case name="Test.SportsWeb.Services.TestAmpCabinet_CPU.Test_CreateControoler_FaultException_155_Throws" executed="True" result="Success" success="True" time="0.030" asserts="0" />
                      <test-case name="Test.SportsWeb.Services.TestAmpCabinet_CPU.Test_CreateControoler_FaultException_171_Throws" executed="True" result="Success" success="True" time="0.027" asserts="0" />
                      <test-case name="Test.SportsWeb.Services.TestAmpCabinet_CPU.Test_CreateControoler_FaultException_172_Throws" executed="True" result="Success" success="True" time="0.033" asserts="0" />
                      <test-case name="Test.SportsWeb.Services.TestAmpCabinet_CPU.Test_CreateControoler_FaultException_173_Throws" executed="True" result="Success" success="True" time="0.030" asserts="0" />
                      <test-case name="Test.SportsWeb.Services.TestAmpCabinet_CPU.Test_CreateControoler_FaultException_174_Throws" executed="True" result="Success" success="True" time="0.029" asserts="0" />
                      <test-case name="Test.SportsWeb.Services.TestAmpCabinet_CPU.Test_CreateControoler_FaultException_175_Throws" executed="True" result="Success" success="True" time="0.030" asserts="0" />
                      <test-case name="Test.SportsWeb.Services.TestAmpCabinet_CPU.Test_CreateControoler_FaultException_176_Throws" executed="True" result="Success" success="True" time="0.027" asserts="0" />
                      <test-case name="Test.SportsWeb.Services.TestAmpCabinet_CPU.Test_CreateControoler_FaultException_179_Throws" executed="True" result="Success" success="True" time="0.033" asserts="0" />
                      <test-case name="Test.SportsWeb.Services.TestAmpCabinet_CPU.Test_CreateControoler_FaultException_500_Throws" executed="True" result="Success" success="True" time="0.031" asserts="0" />
                      <test-case name="Test.SportsWeb.Services.TestAmpCabinet_CPU.Test_CreateControoler_NotFaultException_Throws" executed="True" result="Success" success="True" time="0.017" asserts="0" />
[...]
                      <test-case name="Test.SportsWeb.Services.TestSchedulingService.Test_EditScheduleForField_InvalidDateForNeverRecurringSchedule_Throws" executed="True" result="Success" success="True" time="0.006" asserts="0" />
                      <test-case name="Test.SportsWeb.Services.TestSchedulingService.Test_EditScheduleForField_InvalidTimeForNeverRecurringSchedule_Throws" executed="True" result="Success" success="True" time="0.006" asserts="0" />
                      <test-case name="Test.SportsWeb.Services.TestSchedulingService.Test_EditScheduleForField_PastStartDate_Throws" executed="True" result="Success" success="True" time="0.006" asserts="0" />
                      <test-case name="Test.SportsWeb.Services.TestSchedulingService.Test_EditScheduleForField_SceneInvalid_Throws" executed="True" result="Success" success="True" time="0.007" asserts="0" />
                      <test-case name="Test.SportsWeb.Services.TestSchedulingService.Test_EditScheduleForField_SceneRequired_Throws" executed="True" result="Success" success="True" time="0.006" asserts="0" />
                      <test-case name="Test.SportsWeb.Services.TestSchedulingService.Test_EditScheduleForField_SchedulingFrequencyBiweekly_DateChanged_Works" executed="True" result="Success" success="True" time="0.020" asserts="0" />
                      <test-case name="Test.SportsWeb.Services.TestSchedulingService.Test_EditScheduleForField_SchedulingFrequencyBiweekly_DateNotChanged_Works" executed="True" result="Success" success="True" time="0.010" asserts="0" />
                      <test-case name="Test.SportsWeb.Services.TestSchedulingService.Test_EditScheduleForField_SchedulingFrequencyInvalid_Throws" executed="True" result="Success" success="True" time="0.007" asserts="0" />
                      <test-case name="Test.SportsWeb.Services.TestSchedulingService.Test_EditScheduleForField_SchedulingFrequencyNever_Works" executed="True" result="Success" success="True" time="0.013" asserts="0" />
                      <test-case name="Test.SportsWeb.Services.TestSchedulingService.Test_EditScheduleForField_StartDateEmpty_Throws" executed="True" result="Success" success="True" time="0.009" asserts="0" />
                      <test-case name="Test.SportsWeb.Services.TestSchedulingService.Test_EditScheduleForField_ThrowsExcepiton" executed="True" result="Success" success="True" time="0.007" asserts="0" />
                      <test-case name="Test.SportsWeb.Services.TestSchedulingService.Test_EditScheduleForField_Works" executed="True" result="Success" success="True" time="0.007" asserts="0" />
                      <test-case name="Test.SportsWeb.Services.TestSchedulingService.Test_EditWeeklyScheduleForField_DayOfWeekEmpty_Throws" executed="True" result="Success" success="True" time="0.008" asserts="0" />
                      <test-case name="Test.SportsWeb.Services.TestSchedulingService.Test_EditWeeklyScheduleForField_InvalidDayofWeek_Throws" executed="True" result="Success" success="True" time="0.006" asserts="0" />
                      <test-case name="Test.SportsWeb.Services.TestSchedulingService.Test_EditWeeklyScheduleForField_StartDateNotMatchingWithDayOfWeek_Throws" executed="True" result="Success" success="True" time="0.006" asserts="0" />
                      <test-case name="Test.SportsWeb.Services.TestSchedulingService.Test_EditWeeklyScheduleForField_Works" executed="True" result="Success" success="True" time="0.009" asserts="0" />
                      <test-case name="Test.SportsWeb.Services.TestSchedulingService.Test_GetScheduleForField_BiWeekly_Works" executed="True" result="Success" success="True" time="0.013" asserts="0" />
                      <test-case name="Test.SportsWeb.Services.TestSchedulingService.Test_GetScheduleForField_FeatureLock_Works" executed="True" result="Success" success="True" time="0.007" asserts="0" />
                      <test-case name="Test.SportsWeb.Services.TestSchedulingService.Test_GetScheduleForField_InputNull_ThrowsExcepiton" executed="True" result="Success" success="True" time="0.005" asserts="0" />
                      <test-case name="Test.SportsWeb.Services.TestSchedulingService.Test_GetScheduleForField_MatchingRecordNotFound_Works" executed="True" result="Success" success="True" time="0.007" asserts="0" />
                      <test-case name="Test.SportsWeb.Services.TestSchedulingService.Test_GetScheduleForField_ThrowsExcepiton" executed="True" result="Success" success="True" time="0.007" asserts="0" />
                      <test-case name="Test.SportsWeb.Services.TestSchedulingService.Test_GetScheduleForField_Works" executed="True" result="Success" success="True" time="0.011" asserts="0" />
                      <test-case name="Test.SportsWeb.Services.TestSchedulingService.Test_RemoveSchedule_FeatureLock_Works" executed="True" result="Success" success="True" time="0.006" asserts="0" />
                      <test-case name="Test.SportsWeb.Services.TestSchedulingService.Test_RemoveSchedule_InputNull_ThrowsExcepiton" executed="True" result="Success" success="True" time="0.009" asserts="0" />
                      <test-case name="Test.SportsWeb.Services.TestSchedulingService.Test_RemoveSchedule_ThrowsExcepiton" executed="True" result="Success" success="True" time="0.007" asserts="0" />
                      <test-case name="Test.SportsWeb.Services.TestSchedulingService.Test_RemoveSchedule_Works" executed="True" result="Success" success="True" time="0.008" asserts="0" />
                    </results>
                  </test-suite>
                  <test-suite type="TestFixture" name="TestTabletPermissionService" executed="True" result="Success" success="True" time="0.179" asserts="0">
                    <results>
                      <test-case name="Test.SportsWeb.Services.TestTabletPermissionService.Test_CanChangeScene_HalfFieldStateLeft_FieldHalffield_UserDoesNotHavePermissionWorks" executed="True" result="Success" success="True" time="0.043" asserts="0" />
                      <test-case name="Test.SportsWeb.Services.TestTabletPermissionService.Test_CanChangeScene_HalfFieldStateLeft_FieldHalffield_UserHasPermissionWorks" executed="True" result="Success" success="True" time="0.007" asserts="0" />
                      <test-case name="Test.SportsWeb.Services.TestTabletPermissionService.Test_CanChangeScene_HalfFieldStateLeft_FieldNotHalffield_Works" executed="True" result="Success" success="True" time="0.007" asserts="0" />
                      <test-case name="Test.SportsWeb.Services.TestTabletPermissionService.Test_CanChangeScene_HalfFieldStateRight_FieldNotHalffield_Works" executed="True" result="Success" success="True" time="0.005" asserts="0" />
                      <test-case name="Test.SportsWeb.Services.TestTabletPermissionService.Test_CanChangeScene_NoPermissionToChangeState_Works" executed="True" result="Success" success="True" time="0.008" asserts="0" />
                      <test-case name="Test.SportsWeb.Services.TestTabletPermissionService.Test_CanChangeScene_NoPitchFound_Works" executed="True" result="Success" success="True" time="0.003" asserts="0" />
                      <test-case name="Test.SportsWeb.Services.TestTabletPermissionService.Test_CanChangeScene_PermissionToChangeState_MatchModeOn_UserHasMatchPermission_Works" executed="True" result="Success" success="True" time="0.009" asserts="0" />
                      <test-case name="Test.SportsWeb.Services.TestTabletPermissionService.Test_CanChangeScene_PermissionToChangeState_MatchModeOn_UserNoMatchPermission_Works" executed="True" result="Success" success="True" time="0.006" asserts="0" />
                      <test-case name="Test.SportsWeb.Services.TestTabletPermissionService.Test_GetUserSitePermissions_HalfFieldDisabledUser_HalfFieldEnabledField_FieldInMatchMode_Works" executed="True" result="Success" success="True" time="0.013" asserts="0" />
                      <test-case name="Test.SportsWeb.Services.TestTabletPermissionService.Test_GetUserSitePermissions_HalfFieldDisabledUser_HalfFieldEnabledField_FieldNotInMatchMode_Works" executed="True" result="Success" success="True" time="0.005" asserts="0" />
                      <test-case name="Test.SportsWeb.Services.TestTabletPermissionService.Test_GetUserSitePermissions_HalfFieldEnableUser_HalfFieldDisabledField_FieldInMatchMode_Works" executed="True" result="Success" success="True" time="0.007" asserts="0" />
                      <test-case name="Test.SportsWeb.Services.TestTabletPermissionService.Test_GetUserSitePermissions_HalfFieldEnableUser_HalfFieldDisabledField_FieldNotInMatchMode_Works" executed="True" result="Success" success="True" time="0.005" asserts="0" />
                      <test-case name="Test.SportsWeb.Services.TestTabletPermissionService.Test_GetUserSitePermissions_HalfFieldEnableUser_HalfFieldEnableField_FieldInMatchMode_Works" executed="True" result="Success" success="True" time="0.007" asserts="0" />
                      <test-case name="Test.SportsWeb.Services.TestTabletPermissionService.Test_GetUserSitePermissions_HalfFieldEnableUser_HalfFieldEnableField_FieldNotInMatchMode_Works" executed="True" result="Success" success="True" time="0.005" asserts="0" />
                      <test-case name="Test.SportsWeb.Services.TestTabletPermissionService.Test_GetUserSitePermissions_MatchUser_FieldInMatchMode_Works" executed="True" result="Success" success="True" time="0.007" asserts="0" />
                      <test-case name="Test.SportsWeb.Services.TestTabletPermissionService.Test_GetUserSitePermissions_MatchUser_FieldNotInMatchMode_Works" executed="True" result="Success" success="True" time="0.005" asserts="0" />
                      <test-case name="Test.SportsWeb.Services.TestTabletPermissionService.Test_GetUserSitePermissions_NotMatchUser_FieldInMatchMode_Works" executed="True" result="Success" success="True" time="0.005" asserts="0" />
                      <test-case name="Test.SportsWeb.Services.TestTabletPermissionService.Test_GetUserSitePermissions_NotMatchUser_FieldNotInMatchMode_Works" executed="True" result="Success" success="True" time="0.006" asserts="0" />
                    </results>
                  </test-suite>
                  <test-suite type="TestFixture" name="TestValidateInstallerPermission" executed="True" result="Success" success="True" time="0.039" asserts="0">
                    <results>
                      <test-case name="Test.SportsWeb.Services.TestValidateInstallerPermission.ValidateField_Invalid" executed="True" result="Success" success="True" time="0.020" asserts="0" />
                      <test-case name="Test.SportsWeb.Services.TestValidateInstallerPermission.ValidateField_Valid" executed="True" result="Success" success="True" time="0.005" asserts="0" />
                      <test-case name="Test.SportsWeb.Services.TestValidateInstallerPermission.ValidateSite_Invalid" executed="True" result="Success" success="True" time="0.005" asserts="0" />
                      <test-case name="Test.SportsWeb.Services.TestValidateInstallerPermission.ValidateSite_Valid" executed="True" result="Success" success="True" time="0.006" asserts="0" />
                    </results>
                  </test-suite>
                  <test-suite type="TestFixture" name="TestValidateUserPermission" executed="True" result="Success" success="True" time="0.034" asserts="0">
                    <results>
                      <test-case name="Test.SportsWeb.Services.TestValidateUserPermission.ValidateField_Invalid" executed="True" result="Success" success="True" time="0.011" asserts="0" />
                      <test-case name="Test.SportsWeb.Services.TestValidateUserPermission.ValidateField_IsDeleted_Invalid" executed="True" result="Success" success="True" time="0.004" asserts="0" />
                      <test-case name="Test.SportsWeb.Services.TestValidateUserPermission.ValidateField_Valid" executed="True" result="Success" success="True" time="0.004" asserts="0" />
                      <test-case name="Test.SportsWeb.Services.TestValidateUserPermission.ValidateSite_Invalid" executed="True" result="Success" success="True" time="0.006" asserts="0" />
                      <test-case name="Test.SportsWeb.Services.TestValidateUserPermission.ValidateSite_Valid" executed="True" result="Success" success="True" time="0.004" asserts="0" />
                    </results>
                  </test-suite>
                  <test-suite type="TestFixture" name="TestWcfAmpStub" executed="False" result="Ignored">
                    <reason>
                      <message><![CDATA[]]></message>
                    </reason>
                    <results>
                      <test-case name="Test.SportsWeb.Services.TestWcfAmpStub.CheckAddController" executed="False" result="Ignored">
                        <reason>
                          <message><![CDATA[]]></message>
                        </reason>
                      </test-case>
                      <test-case name="Test.SportsWeb.Services.TestWcfAmpStub.CheckGetController" executed="False" result="Ignored">
                        <reason>
                          <message><![CDATA[]]></message>
                        </reason>
                      </test-case>
                      <test-case name="Test.SportsWeb.Services.TestWcfAmpStub.CheckGetFields" executed="False" result="Ignored">
                        <reason>
                          <message><![CDATA[]]></message>
                        </reason>
                      </test-case>
                    </results>
                  </test-suite>
                  <test-suite type="Namespace" name="Utils" executed="True" result="Success" success="True" time="3.394" asserts="0">
                    <results>
                      <test-suite type="Namespace" name="Helpers" executed="True" result="Success" success="True" time="0.184" asserts="0">
                        <results>
                          <test-suite type="TestFixture" name="TestStartupHelpers" executed="True" result="Success" success="True" time="0.183" asserts="0">
                            <results>
                              <test-case name="Test.SportsWeb.Services.Utils.Helpers.TestStartupHelpers.Test_ChangeCulture_Works" executed="True" result="Success" success="True" time="0.013" asserts="0" />
                              <test-case name="Test.SportsWeb.Services.Utils.Helpers.TestStartupHelpers.Test_ConfigureElasticSearchAppender" executed="True" result="Success" success="True" time="0.145" asserts="0" />
                              <test-case name="Test.SportsWeb.Services.Utils.Helpers.TestStartupHelpers.Test_GetAmplightConfiguration" executed="True" result="Success" success="True" time="0.004" asserts="0" />
                              <test-case name="Test.SportsWeb.Services.Utils.Helpers.TestStartupHelpers.Test_GetDatabaseConfiguration" executed="True" result="Success" success="True" time="0.006" asserts="0" />
                              <test-case name="Test.SportsWeb.Services.Utils.Helpers.TestStartupHelpers.Test_GetStageConfiguration" executed="True" result="Success" success="True" time="0.002" asserts="0" />
                              <test-case name="Test.SportsWeb.Services.Utils.Helpers.TestStartupHelpers.Test_SetThreadCulture" executed="True" result="Success" success="True" time="0.001" asserts="0" />
                              <test-case name="Test.SportsWeb.Services.Utils.Helpers.TestStartupHelpers.Test_ValidateElasticSearchParameters_Works" executed="True" result="Success" success="True" time="0.003" asserts="0" />
                            </results>
                          </test-suite>
                        </results>
                      </test-suite>
                      <test-suite type="TestFixture" name="TestApiErrorHandling" executed="True" result="Success" success="True" time="0.026" asserts="0">
                        <results>
                          <test-case name="Test.SportsWeb.Services.Utils.TestApiErrorHandling.Test_ApiErrorResolver_2" executed="True" result="Success" success="True" time="0.023" asserts="0" />
                          <test-case name="Test.SportsWeb.Services.Utils.TestApiErrorHandling.Test_ApiErrorResolver_Works" executed="True" result="Success" success="True" time="0.001" asserts="0" />
                        </results>
                      </test-suite>
                      <test-suite type="TestFixture" name="TestAssemblyInfo" executed="True" result="Success" success="True" time="0.007" asserts="0">
                        <results>
                          <test-case name="Test.SportsWeb.Services.Utils.TestAssemblyInfo.GetAssemblyDetails" executed="True" result="Success" success="True" time="0.006" asserts="0" />
                        </results>
                      </test-suite>
                      <test-suite type="TestFixture" name="TestCommonMethods" executed="True" result="Success" success="True" time="0.012" asserts="0">
                        <results>
                          <test-case name="Test.SportsWeb.Services.Utils.TestCommonMethods.Test_GetEmailTemplate_Works" executed="True" result="Success" success="True" time="0.005" asserts="0" />
                          <test-case name="Test.SportsWeb.Services.Utils.TestCommonMethods.Test_IsValidNameFormat_works" executed="True" result="Success" success="True" time="0.004" asserts="0" />
                        </results>
                      </test-suite>
                      <test-suite type="TestFixture" name="TestResolveConfigurationReferenceFromS3" executed="True" result="Success" success="True" time="0.011" asserts="0">
                        <results>
                          <test-case name="Test.SportsWeb.Services.Utils.TestResolveConfigurationReferenceFromS3.Test_Resolve_Works" executed="True" result="Success" success="True" time="0.010" asserts="0" />
                        </results>
                      </test-suite>
                      <test-suite type="TestFixture" name="TestSunriset" executed="True" result="Success" success="True" time="3.139" asserts="0">
                        <results>
                          <test-case name="Test.SportsWeb.Services.Utils.TestSunriset.SunriseSunset_India_Bangalore" executed="True" result="Success" success="True" time="0.365" asserts="0" />
                          <test-case name="Test.SportsWeb.Services.Utils.TestSunriset.SunriseSunset_India_Bangalore_Jinesh" executed="True" result="Success" success="True" time="0.357" asserts="0" />
                          <test-case name="Test.SportsWeb.Services.Utils.TestSunriset.SunriseSunset_India_BangaloreCityTouch" executed="True" result="Success" success="True" time="1.006" asserts="0" />
                          <test-case name="Test.SportsWeb.Services.Utils.TestSunriset.SunriseSunset_India_Murmansk" executed="True" result="Success" success="True" time="0.358" asserts="0" />
                          <test-case name="Test.SportsWeb.Services.Utils.TestSunriset.SunriseSunset_India_MurmanskCityTouch" executed="True" result="Success" success="True" time="0.988" asserts="0" />
                          <test-case name="Test.SportsWeb.Services.Utils.TestSunriset.TestTimeZoneValidity_Details" executed="True" result="Success" success="True" time="0.058" asserts="0" />
                        </results>
                      </test-suite>
                    </results>
                  </test-suite>
                </results>
              </test-suite>
            </results>
          </test-suite>
        </results>
      </test-suite>
    </results>
  </test-suite>
</test-results>